15:57:37.821 [restartedMain] INFO  com.zsz.darryring.DarryringApplication - Starting DarryringApplication using Java 11 on DESKTOP-2CU5T6G with PID 6408 (D:\桌面\darryring\target\classes started by 91067 in D:\桌面\darryring)
15:57:37.823 [restartedMain] INFO  com.zsz.darryring.DarryringApplication - No active profile set, falling back to 1 default profile: "default"
15:57:37.871 [restartedMain] INFO  o.s.b.d.env.DevToolsPropertyDefaultsPostProcessor - Devtools property defaults active! Set 'spring.devtools.add-properties' to 'false' to disable
15:57:37.871 [restartedMain] INFO  o.s.b.d.env.DevToolsPropertyDefaultsPostProcessor - For additional web related logging consider setting the 'logging.level.web' property to 'DEBUG'
15:57:38.471 [restartedMain] WARN  org.mybatis.spring.mapper.ClassPathMapperScanner - No MyBatis mapper was found in '[com.zsz.darryring.mapper]' package. Please check your configuration.
15:57:38.823 [restartedMain] INFO  o.s.boot.web.embedded.tomcat.TomcatWebServer - Tomcat initialized with port(s): 8080 (http)
15:57:38.831 [restartedMain] INFO  org.apache.coyote.http11.Http11NioProtocol - Initializing ProtocolHandler ["http-nio-8080"]
15:57:38.831 [restartedMain] INFO  org.apache.catalina.core.StandardService - Starting service [Tomcat]
15:57:38.831 [restartedMain] INFO  org.apache.catalina.core.StandardEngine - Starting Servlet engine: [Apache Tomcat/9.0.69]
15:57:38.892 [restartedMain] INFO  o.a.c.c.C.[Tomcat].[localhost].[/darryring] - Initializing Spring embedded WebApplicationContext
15:57:38.893 [restartedMain] INFO  o.s.b.w.s.c.ServletWebServerApplicationContext - Root WebApplicationContext: initialization completed in 1020 ms
15:57:39.059 [restartedMain] INFO  o.s.b.a.web.servlet.WelcomePageHandlerMapping - Adding welcome page template: index
15:57:39.136 [restartedMain] WARN  org.thymeleaf.templatemode.TemplateMode - [THYMELEAF][restartedMain] Template Mode 'HTML5' is deprecated. Using Template Mode 'HTML' instead.
15:57:39.549 [restartedMain] INFO  o.s.b.d.autoconfigure.OptionalLiveReloadServer - LiveReload server is running on port 35729
15:57:39.564 [restartedMain] INFO  org.apache.coyote.http11.Http11NioProtocol - Starting ProtocolHandler ["http-nio-8080"]
15:57:39.581 [restartedMain] INFO  o.s.boot.web.embedded.tomcat.TomcatWebServer - Tomcat started on port(s): 8080 (http) with context path '/darryring'
15:57:39.592 [restartedMain] INFO  com.zsz.darryring.DarryringApplication - Started DarryringApplication in 2.199 seconds (JVM running for 3.247)
15:59:01.621 [http-nio-8080-exec-3] INFO  o.a.c.c.C.[Tomcat].[localhost].[/darryring] - Initializing Spring DispatcherServlet 'dispatcherServlet'
15:59:01.621 [http-nio-8080-exec-3] INFO  org.springframework.web.servlet.DispatcherServlet - Initializing Servlet 'dispatcherServlet'
15:59:01.622 [http-nio-8080-exec-3] INFO  org.springframework.web.servlet.DispatcherServlet - Completed initialization in 1 ms
16:00:16.470 [restartedMain] INFO  com.zsz.darryring.DarryringApplication - Starting DarryringApplication using Java 11 on DESKTOP-2CU5T6G with PID 9276 (D:\桌面\darryring\target\classes started by 91067 in D:\桌面\darryring)
16:00:16.473 [restartedMain] INFO  com.zsz.darryring.DarryringApplication - No active profile set, falling back to 1 default profile: "default"
16:00:16.531 [restartedMain] INFO  o.s.b.d.env.DevToolsPropertyDefaultsPostProcessor - Devtools property defaults active! Set 'spring.devtools.add-properties' to 'false' to disable
16:00:16.532 [restartedMain] INFO  o.s.b.d.env.DevToolsPropertyDefaultsPostProcessor - For additional web related logging consider setting the 'logging.level.web' property to 'DEBUG'
16:00:17.066 [restartedMain] WARN  org.mybatis.spring.mapper.ClassPathMapperScanner - No MyBatis mapper was found in '[com.zsz.darryring.mapper]' package. Please check your configuration.
16:00:17.346 [restartedMain] INFO  o.s.boot.web.embedded.tomcat.TomcatWebServer - Tomcat initialized with port(s): 8080 (http)
16:00:17.351 [restartedMain] INFO  org.apache.coyote.http11.Http11NioProtocol - Initializing ProtocolHandler ["http-nio-8080"]
16:00:17.352 [restartedMain] INFO  org.apache.catalina.core.StandardService - Starting service [Tomcat]
16:00:17.352 [restartedMain] INFO  org.apache.catalina.core.StandardEngine - Starting Servlet engine: [Apache Tomcat/9.0.69]
16:00:17.397 [restartedMain] INFO  o.a.c.c.C.[Tomcat].[localhost].[/darryring] - Initializing Spring embedded WebApplicationContext
16:00:17.398 [restartedMain] INFO  o.s.b.w.s.c.ServletWebServerApplicationContext - Root WebApplicationContext: initialization completed in 865 ms
16:00:17.531 [restartedMain] INFO  o.s.b.a.web.servlet.WelcomePageHandlerMapping - Adding welcome page template: index
16:00:17.598 [restartedMain] WARN  org.thymeleaf.templatemode.TemplateMode - [THYMELEAF][restartedMain] Template Mode 'HTML5' is deprecated. Using Template Mode 'HTML' instead.
16:00:17.971 [restartedMain] INFO  o.s.b.d.autoconfigure.OptionalLiveReloadServer - LiveReload server is running on port 35729
16:00:17.982 [restartedMain] INFO  org.apache.coyote.http11.Http11NioProtocol - Starting ProtocolHandler ["http-nio-8080"]
16:00:17.997 [restartedMain] INFO  o.s.boot.web.embedded.tomcat.TomcatWebServer - Tomcat started on port(s): 8080 (http) with context path '/darryring'
16:00:18.007 [restartedMain] INFO  com.zsz.darryring.DarryringApplication - Started DarryringApplication in 1.873 seconds (JVM running for 2.691)
16:00:20.465 [http-nio-8080-exec-1] INFO  o.a.c.c.C.[Tomcat].[localhost].[/darryring] - Initializing Spring DispatcherServlet 'dispatcherServlet'
16:00:20.466 [http-nio-8080-exec-1] INFO  org.springframework.web.servlet.DispatcherServlet - Initializing Servlet 'dispatcherServlet'
16:00:20.466 [http-nio-8080-exec-1] INFO  org.springframework.web.servlet.DispatcherServlet - Completed initialization in 0 ms
16:01:18.902 [restartedMain] INFO  com.zsz.darryring.DarryringApplication - Starting DarryringApplication using Java 11 on DESKTOP-2CU5T6G with PID 11792 (D:\桌面\darryring\target\classes started by 91067 in D:\桌面\darryring)
16:01:18.905 [restartedMain] INFO  com.zsz.darryring.DarryringApplication - No active profile set, falling back to 1 default profile: "default"
16:01:18.947 [restartedMain] INFO  o.s.b.d.env.DevToolsPropertyDefaultsPostProcessor - Devtools property defaults active! Set 'spring.devtools.add-properties' to 'false' to disable
16:01:18.947 [restartedMain] INFO  o.s.b.d.env.DevToolsPropertyDefaultsPostProcessor - For additional web related logging consider setting the 'logging.level.web' property to 'DEBUG'
16:01:19.441 [restartedMain] WARN  org.mybatis.spring.mapper.ClassPathMapperScanner - No MyBatis mapper was found in '[com.zsz.darryring.mapper]' package. Please check your configuration.
16:01:19.750 [restartedMain] INFO  o.s.boot.web.embedded.tomcat.TomcatWebServer - Tomcat initialized with port(s): 8080 (http)
16:01:19.756 [restartedMain] INFO  org.apache.coyote.http11.Http11NioProtocol - Initializing ProtocolHandler ["http-nio-8080"]
16:01:19.756 [restartedMain] INFO  org.apache.catalina.core.StandardService - Starting service [Tomcat]
16:01:19.757 [restartedMain] INFO  org.apache.catalina.core.StandardEngine - Starting Servlet engine: [Apache Tomcat/9.0.69]
16:01:19.804 [restartedMain] INFO  o.a.c.c.C.[Tomcat].[localhost].[/darryring] - Initializing Spring embedded WebApplicationContext
16:01:19.805 [restartedMain] INFO  o.s.b.w.s.c.ServletWebServerApplicationContext - Root WebApplicationContext: initialization completed in 857 ms
16:01:19.934 [restartedMain] INFO  o.s.b.a.web.servlet.WelcomePageHandlerMapping - Adding welcome page template: index
16:01:20.021 [restartedMain] WARN  org.thymeleaf.templatemode.TemplateMode - [THYMELEAF][restartedMain] Template Mode 'HTML5' is deprecated. Using Template Mode 'HTML' instead.
16:01:20.427 [restartedMain] INFO  o.s.b.d.autoconfigure.OptionalLiveReloadServer - LiveReload server is running on port 35729
16:01:20.439 [restartedMain] INFO  org.apache.coyote.http11.Http11NioProtocol - Starting ProtocolHandler ["http-nio-8080"]
16:01:20.452 [restartedMain] INFO  o.s.boot.web.embedded.tomcat.TomcatWebServer - Tomcat started on port(s): 8080 (http) with context path '/darryring'
16:01:20.462 [restartedMain] INFO  com.zsz.darryring.DarryringApplication - Started DarryringApplication in 1.853 seconds (JVM running for 2.632)
16:01:20.506 [http-nio-8080-exec-1] INFO  o.a.c.c.C.[Tomcat].[localhost].[/darryring] - Initializing Spring DispatcherServlet 'dispatcherServlet'
16:01:20.507 [http-nio-8080-exec-1] INFO  org.springframework.web.servlet.DispatcherServlet - Initializing Servlet 'dispatcherServlet'
16:01:20.508 [http-nio-8080-exec-1] INFO  org.springframework.web.servlet.DispatcherServlet - Completed initialization in 1 ms
16:01:34.321 [restartedMain] INFO  com.zsz.darryring.DarryringApplication - Starting DarryringApplication using Java 11 on DESKTOP-2CU5T6G with PID 12440 (D:\桌面\darryring\target\classes started by 91067 in D:\桌面\darryring)
16:01:34.323 [restartedMain] INFO  com.zsz.darryring.DarryringApplication - No active profile set, falling back to 1 default profile: "default"
16:01:34.367 [restartedMain] INFO  o.s.b.d.env.DevToolsPropertyDefaultsPostProcessor - Devtools property defaults active! Set 'spring.devtools.add-properties' to 'false' to disable
16:01:34.368 [restartedMain] INFO  o.s.b.d.env.DevToolsPropertyDefaultsPostProcessor - For additional web related logging consider setting the 'logging.level.web' property to 'DEBUG'
16:01:34.902 [restartedMain] WARN  org.mybatis.spring.mapper.ClassPathMapperScanner - No MyBatis mapper was found in '[com.zsz.darryring.mapper]' package. Please check your configuration.
16:01:35.148 [restartedMain] INFO  o.s.boot.web.embedded.tomcat.TomcatWebServer - Tomcat initialized with port(s): 8080 (http)
16:01:35.153 [restartedMain] INFO  org.apache.coyote.http11.Http11NioProtocol - Initializing ProtocolHandler ["http-nio-8080"]
16:01:35.153 [restartedMain] INFO  org.apache.catalina.core.StandardService - Starting service [Tomcat]
16:01:35.153 [restartedMain] INFO  org.apache.catalina.core.StandardEngine - Starting Servlet engine: [Apache Tomcat/9.0.69]
16:01:35.201 [restartedMain] INFO  o.a.c.c.C.[Tomcat].[localhost].[/darryring] - Initializing Spring embedded WebApplicationContext
16:01:35.201 [restartedMain] INFO  o.s.b.w.s.c.ServletWebServerApplicationContext - Root WebApplicationContext: initialization completed in 833 ms
16:01:35.323 [restartedMain] INFO  o.s.b.a.web.servlet.WelcomePageHandlerMapping - Adding welcome page template: index
16:01:35.389 [restartedMain] WARN  org.thymeleaf.templatemode.TemplateMode - [THYMELEAF][restartedMain] Template Mode 'HTML5' is deprecated. Using Template Mode 'HTML' instead.
16:01:35.784 [restartedMain] INFO  o.s.b.d.autoconfigure.OptionalLiveReloadServer - LiveReload server is running on port 35729
16:01:35.797 [restartedMain] INFO  org.apache.coyote.http11.Http11NioProtocol - Starting ProtocolHandler ["http-nio-8080"]
16:01:35.812 [restartedMain] INFO  o.s.boot.web.embedded.tomcat.TomcatWebServer - Tomcat started on port(s): 8080 (http) with context path '/darryring'
16:01:35.822 [restartedMain] INFO  com.zsz.darryring.DarryringApplication - Started DarryringApplication in 1.82 seconds (JVM running for 2.553)
16:01:36.779 [http-nio-8080-exec-1] INFO  o.a.c.c.C.[Tomcat].[localhost].[/darryring] - Initializing Spring DispatcherServlet 'dispatcherServlet'
16:01:36.780 [http-nio-8080-exec-1] INFO  org.springframework.web.servlet.DispatcherServlet - Initializing Servlet 'dispatcherServlet'
16:01:36.781 [http-nio-8080-exec-1] INFO  org.springframework.web.servlet.DispatcherServlet - Completed initialization in 1 ms
16:01:55.269 [restartedMain] INFO  com.zsz.darryring.DarryringApplication - Starting DarryringApplication using Java 11 on DESKTOP-2CU5T6G with PID 9264 (D:\桌面\darryring\target\classes started by 91067 in D:\桌面\darryring)
16:01:55.270 [restartedMain] INFO  com.zsz.darryring.DarryringApplication - No active profile set, falling back to 1 default profile: "default"
16:01:55.305 [restartedMain] INFO  o.s.b.d.env.DevToolsPropertyDefaultsPostProcessor - Devtools property defaults active! Set 'spring.devtools.add-properties' to 'false' to disable
16:01:55.306 [restartedMain] INFO  o.s.b.d.env.DevToolsPropertyDefaultsPostProcessor - For additional web related logging consider setting the 'logging.level.web' property to 'DEBUG'
16:01:55.760 [restartedMain] WARN  org.mybatis.spring.mapper.ClassPathMapperScanner - No MyBatis mapper was found in '[com.zsz.darryring.mapper]' package. Please check your configuration.
16:01:56.009 [restartedMain] INFO  o.s.boot.web.embedded.tomcat.TomcatWebServer - Tomcat initialized with port(s): 8080 (http)
16:01:56.015 [restartedMain] INFO  org.apache.coyote.http11.Http11NioProtocol - Initializing ProtocolHandler ["http-nio-8080"]
16:01:56.015 [restartedMain] INFO  org.apache.catalina.core.StandardService - Starting service [Tomcat]
16:01:56.016 [restartedMain] INFO  org.apache.catalina.core.StandardEngine - Starting Servlet engine: [Apache Tomcat/9.0.69]
16:01:56.069 [restartedMain] INFO  o.a.c.c.C.[Tomcat].[localhost].[/darryring] - Initializing Spring embedded WebApplicationContext
16:01:56.069 [restartedMain] INFO  o.s.b.w.s.c.ServletWebServerApplicationContext - Root WebApplicationContext: initialization completed in 763 ms
16:01:56.187 [restartedMain] INFO  o.s.b.a.web.servlet.WelcomePageHandlerMapping - Adding welcome page template: index
16:01:56.249 [restartedMain] WARN  org.thymeleaf.templatemode.TemplateMode - [THYMELEAF][restartedMain] Template Mode 'HTML5' is deprecated. Using Template Mode 'HTML' instead.
16:01:56.620 [restartedMain] INFO  o.s.b.d.autoconfigure.OptionalLiveReloadServer - LiveReload server is running on port 35729
16:01:56.632 [restartedMain] INFO  org.apache.coyote.http11.Http11NioProtocol - Starting ProtocolHandler ["http-nio-8080"]
16:01:56.644 [restartedMain] INFO  o.s.boot.web.embedded.tomcat.TomcatWebServer - Tomcat started on port(s): 8080 (http) with context path '/darryring'
16:01:56.653 [restartedMain] INFO  com.zsz.darryring.DarryringApplication - Started DarryringApplication in 1.673 seconds (JVM running for 2.321)
16:01:58.244 [http-nio-8080-exec-1] INFO  o.a.c.c.C.[Tomcat].[localhost].[/darryring] - Initializing Spring DispatcherServlet 'dispatcherServlet'
16:01:58.245 [http-nio-8080-exec-1] INFO  org.springframework.web.servlet.DispatcherServlet - Initializing Servlet 'dispatcherServlet'
16:01:58.246 [http-nio-8080-exec-1] INFO  org.springframework.web.servlet.DispatcherServlet - Completed initialization in 0 ms
